<?xml version="1.0" encoding="UTF-8"?>
<!-- Generated by org.testng.reporters.JUnitReportReporter -->
<testsuite hostname="DESKTOP-JM7G560" failures="0" tests="3" name="runner.TestRunner" time="57.709" errors="0" timestamp="2022-11-28T09:26:37 IST" skipped="0">
  <testcase classname="runner.TestRunner" name="runScenario" time="21.845"/>
  <system-out/>
  <testcase classname="runner.TestRunner" name="runScenario" time="17.318"/>
  <system-out/>
  <testcase classname="runner.TestRunner" name="runScenario" time="18.546"/>
  <system-out/>
</testsuite> <!-- runner.TestRunner -->
