<?xml version="1.0" encoding="UTF-8"?>
<!-- Generated by org.testng.reporters.JUnitReportReporter -->
<testsuite hostname="DESKTOP-JM7G560" failures="0" tests="3" name="pacematic.QAClickAppTests.QAClickLoginDDTTest" time="66.571" errors="0" timestamp="2022-11-28T08:46:56 IST" skipped="0">
  <testcase classname="pacematic.QAClickAppTests.QAClickLoginDDTTest" name="DDTLoginTest" time="23.691"/>
  <system-out/>
  <testcase classname="pacematic.QAClickAppTests.QAClickLoginDDTTest" name="DDTLoginTest" time="22.484"/>
  <system-out/>
  <testcase classname="pacematic.QAClickAppTests.QAClickLoginDDTTest" name="DDTLoginTest" time="20.396"/>
  <system-out/>
</testsuite> <!-- pacematic.QAClickAppTests.QAClickLoginDDTTest -->
