<?xml version="1.0" encoding="UTF-8"?>
<!-- Generated by org.testng.reporters.JUnitReportReporter -->
<testsuite hostname="DESKTOP-JM7G560" failures="0" tests="1" name="testCases.OHRMLoginLogoutTest1" time="5.162" errors="0" timestamp="2022-11-26T14:28:13 IST" skipped="0">
  <testcase classname="testCases.OHRMLoginLogoutTest1" name="loginLogoutTest" time="5.162"/>
  <system-out/>
</testsuite> <!-- testCases.OHRMLoginLogoutTest1 -->
