<?xml version="1.0" encoding="UTF-8"?>
<!-- Generated by org.testng.reporters.JUnitReportReporter -->
<testsuite hostname="DESKTOP-JM7G560" failures="0" tests="3" name="runner.TestRunner" time="53.945" errors="0" timestamp="2022-11-28T14:03:51 IST" skipped="0">
  <testcase classname="runner.TestRunner" name="runScenario" time="16.025"/>
  <system-out/>
  <testcase classname="runner.TestRunner" name="runScenario" time="21.324"/>
  <system-out/>
  <testcase classname="runner.TestRunner" name="runScenario" time="16.596"/>
  <system-out/>
</testsuite> <!-- runner.TestRunner -->
